0 info it worked if it ends with ok
1 verbose cli [ 'C:\\Program Files\\nodejs\\node.exe',
1 verbose cli   'C:\\Program Files\\nodejs\\node_modules\\npm\\bin\\npm-cli.js',
1 verbose cli   'start',
1 verbose cli   '1',
1 verbose cli   '10000',
1 verbose cli   '10' ]
2 info using npm@3.3.12
3 info using node@v5.3.0
4 verbose run-script [ 'prestart', 'start', 'poststart' ]
5 info lifecycle ega-maxflow@0.0.1~prestart: ega-maxflow@0.0.1
6 silly lifecycle ega-maxflow@0.0.1~prestart: no script for prestart, continuing
7 info lifecycle ega-maxflow@0.0.1~start: ega-maxflow@0.0.1
8 verbose lifecycle ega-maxflow@0.0.1~start: unsafe-perm in lifecycle true
9 verbose lifecycle ega-maxflow@0.0.1~start: PATH: C:\Program Files\nodejs\node_modules\npm\bin\node-gyp-bin;D:\tobia\Documents\Programming\JavaScript\tk11raho-ega-maxflow\node_modules\.bin;C:\Users\tobia\bin;C:\Program Files\Git\mingw64\bin;C:\Program Files\Git\usr\local\bin;C:\Program Files\Git\usr\bin;C:\Program Files\Git\usr\bin;C:\Program Files\Git\mingw64\bin;C:\Program Files\Git\usr\bin;C:\Program Files (x86)\NVIDIA Corporation\PhysX\Common;C:\ProgramData\Oracle\Java\javapath;C:\Windows\system32;C:\Windows;C:\Windows\System32\Wbem;C:\Windows\System32\WindowsPowerShell\v1.0;C:\Program Files (x86)\ATI Technologies\ATI.ACE\Core-Static;C:\Program Files\Calibre2;C:\Program Files\Git\usr\bin;C:\Program Files\Java\jdk1.8.0_60\bin;C:\Program Files\nodejs;C:\Program Files (x86)\Skype\Phone;D:\Programs\Python\Scripts;D:\Programs\Python;C:\Users\tobia\AppData\Local\atom\bin;C:\Users\tobia\AppData\Roaming\npm;C:\Program Files\Git\usr\bin\vendor_perl;C:\Program Files\Git\usr\bin\core_perl
10 verbose lifecycle ega-maxflow@0.0.1~start: CWD: D:\tobia\Documents\Programming\JavaScript\tk11raho-ega-maxflow
11 silly lifecycle ega-maxflow@0.0.1~start: Args: [ '/d /s /c',
11 silly lifecycle   'node ./src/js/testenv/index.js "1" "10000" "10"' ]
12 silly lifecycle ega-maxflow@0.0.1~start: Returned: code: 3  signal: null
13 info lifecycle ega-maxflow@0.0.1~start: Failed to exec start script
14 verbose stack Error: ega-maxflow@0.0.1 start: `node ./src/js/testenv/index.js "1" "10000" "10"`
14 verbose stack Exit status 3
14 verbose stack     at EventEmitter.<anonymous> (C:\Program Files\nodejs\node_modules\npm\lib\utils\lifecycle.js:232:16)
14 verbose stack     at emitTwo (events.js:87:13)
14 verbose stack     at EventEmitter.emit (events.js:172:7)
14 verbose stack     at ChildProcess.<anonymous> (C:\Program Files\nodejs\node_modules\npm\lib\utils\spawn.js:24:14)
14 verbose stack     at emitTwo (events.js:87:13)
14 verbose stack     at ChildProcess.emit (events.js:172:7)
14 verbose stack     at maybeClose (internal/child_process.js:818:16)
14 verbose stack     at Process.ChildProcess._handle.onexit (internal/child_process.js:211:5)
15 verbose pkgid ega-maxflow@0.0.1
16 verbose cwd D:\tobia\Documents\Programming\JavaScript\tk11raho-ega-maxflow
17 error Windows_NT 10.0.10240
18 error argv "C:\\Program Files\\nodejs\\node.exe" "C:\\Program Files\\nodejs\\node_modules\\npm\\bin\\npm-cli.js" "start" "1" "10000" "10"
19 error node v5.3.0
20 error npm  v3.3.12
21 error code ELIFECYCLE
22 error ega-maxflow@0.0.1 start: `node ./src/js/testenv/index.js "1" "10000" "10"`
22 error Exit status 3
23 error Failed at the ega-maxflow@0.0.1 start script 'node ./src/js/testenv/index.js "1" "10000" "10"'.
23 error Make sure you have the latest version of node.js and npm installed.
23 error If you do, this is most likely a problem with the ega-maxflow package,
23 error not with npm itself.
23 error Tell the author that this fails on your system:
23 error     node ./src/js/testenv/index.js "1" "10000" "10"
23 error You can get their info via:
23 error     npm owner ls ega-maxflow
23 error There is likely additional logging output above.
24 verbose exit [ 1, true ]
